[2023-08-31 15:46:37] local.ERROR: SQLSTATE[08006] [7] connection to server at "127.0.0.1", port 5432 failed: Connection refused
	Is the server running on that host and accepting TCP/IP connections? (Connection: pgsql, SQL: insert into "telescope_entries" ("batch_id", "content", "created_at", "family_hash", "type", "uuid") values (9a05cb81-0588-491e-a2ff-a9fa4c99a966, {"command":"key:generate","exit_code":0,"arguments":{"command":"key:generate"},"options":{"show":false,"force":false,"help":false,"quiet":false,"verbose":false,"version":false,"ansi":null,"no-interaction":false,"env":null},"hostname":"fv-az336-847"}, 2023-08-31 15:46:37, ?, command, 9a05cb81-0438-4d0f-abf8-dfb744ceb375)) {"exception":"[object] (Illuminate\\Database\\QueryException(code: 7): SQLSTATE[08006] [7] connection to server at \"127.0.0.1\", port 5432 failed: Connection refused
\tIs the server running on that host and accepting TCP/IP connections? (Connection: pgsql, SQL: insert into \"telescope_entries\" (\"batch_id\", \"content\", \"created_at\", \"family_hash\", \"type\", \"uuid\") values (9a05cb81-0588-491e-a2ff-a9fa4c99a966, {\"command\":\"key:generate\",\"exit_code\":0,\"arguments\":{\"command\":\"key:generate\"},\"options\":{\"show\":false,\"force\":false,\"help\":false,\"quiet\":false,\"verbose\":false,\"version\":false,\"ansi\":null,\"no-interaction\":false,\"env\":null},\"hostname\":\"fv-az336-847\"}, 2023-08-31 15:46:37, ?, command, 9a05cb81-0438-4d0f-abf8-dfb744ceb375)) at /home/runner/work/dashbrd/dashbrd/vendor/laravel/framework/src/Illuminate/Database/Connection.php:795)
[stacktrace]
#0 /home/runner/work/dashbrd/dashbrd/vendor/laravel/framework/src/Illuminate/Database/Connection.php(755): Illuminate\\Database\\Connection->runQueryCallback()
#1 /home/runner/work/dashbrd/dashbrd/vendor/tpetry/laravel-postgresql-enhanced/src/PostgresEnhancedConnection.php(206): Illuminate\\Database\\Connection->run()
#2 /home/runner/work/dashbrd/dashbrd/vendor/laravel/framework/src/Illuminate/Database/Connection.php(569): Tpetry\\PostgresqlEnhanced\\PostgresEnhancedConnection->run()
#3 /home/runner/work/dashbrd/dashbrd/vendor/laravel/framework/src/Illuminate/Database/Connection.php(533): Illuminate\\Database\\Connection->statement()
#4 /home/runner/work/dashbrd/dashbrd/vendor/laravel/framework/src/Illuminate/Database/Query/Builder.php(3332): Illuminate\\Database\\Connection->insert()
#5 /home/runner/work/dashbrd/dashbrd/vendor/tpetry/laravel-postgresql-enhanced/src/Query/Builder.php(47): Illuminate\\Database\\Query\\Builder->insert()
#6 /home/runner/work/dashbrd/dashbrd/vendor/tpetry/laravel-postgresql-enhanced/src/PostgresEnhancedConnection.php(100): Tpetry\\PostgresqlEnhanced\\Query\\Builder->Tpetry\\PostgresqlEnhanced\\Query\\{closure}()
#7 /home/runner/work/dashbrd/dashbrd/vendor/tpetry/laravel-postgresql-enhanced/src/Query/Builder.php(46): Tpetry\\PostgresqlEnhanced\\PostgresEnhancedConnection->runWithAdditionalBindings()
#8 /home/runner/work/dashbrd/dashbrd/vendor/laravel/telescope/src/Storage/DatabaseEntriesRepository.php(144): Tpetry\\PostgresqlEnhanced\\Query\\Builder->insert()
#9 /home/runner/work/dashbrd/dashbrd/vendor/laravel/framework/src/Illuminate/Collections/Traits/EnumeratesValues.php(236): Laravel\\Telescope\\Storage\\DatabaseEntriesRepository->Laravel\\Telescope\\Storage\\{closure}()
#10 /home/runner/work/dashbrd/dashbrd/vendor/laravel/telescope/src/Storage/DatabaseEntriesRepository.php(143): Illuminate\\Support\\Collection->each()
#11 /home/runner/work/dashbrd/dashbrd/vendor/laravel/telescope/src/Telescope.php(668): Laravel\\Telescope\\Storage\\DatabaseEntriesRepository->store()
#12 [internal function]: Laravel\\Telescope\\Telescope::Laravel\\Telescope\\{closure}()
#13 /home/runner/work/dashbrd/dashbrd/vendor/laravel/telescope/src/Telescope.php(293): call_user_func()
#14 /home/runner/work/dashbrd/dashbrd/vendor/laravel/telescope/src/Telescope.php(660): Laravel\\Telescope\\Telescope::withoutRecording()
#15 /home/runner/work/dashbrd/dashbrd/vendor/laravel/telescope/src/ListensForStorageOpportunities.php(65): Laravel\\Telescope\\Telescope::store()
#16 /home/runner/work/dashbrd/dashbrd/vendor/laravel/framework/src/Illuminate/Container/BoundMethod.php(36): Laravel\\Telescope\\Telescope::Laravel\\Telescope\\{closure}()
#17 /home/runner/work/dashbrd/dashbrd/vendor/laravel/framework/src/Illuminate/Container/Util.php(41): Illuminate\\Container\\BoundMethod::Illuminate\\Container\\{closure}()
#18 /home/runner/work/dashbrd/dashbrd/vendor/laravel/framework/src/Illuminate/Container/BoundMethod.php(81): Illuminate\\Container\\Util::unwrapIfClosure()
#19 /home/runner/work/dashbrd/dashbrd/vendor/laravel/framework/src/Illuminate/Container/BoundMethod.php(35): Illuminate\\Container\\BoundMethod::callBoundMethod()
#20 /home/runner/work/dashbrd/dashbrd/vendor/laravel/framework/src/Illuminate/Container/Container.php(662): Illuminate\\Container\\BoundMethod::call()
#21 /home/runner/work/dashbrd/dashbrd/vendor/laravel/framework/src/Illuminate/Foundation/Application.php(1250): Illuminate\\Container\\Container->call()
#22 /home/runner/work/dashbrd/dashbrd/vendor/laravel/framework/src/Illuminate/Foundation/Console/Kernel.php(220): Illuminate\\Foundation\\Application->terminate()
#23 /home/runner/work/dashbrd/dashbrd/artisan(51): Illuminate\\Foundation\\Console\\Kernel->terminate()
#24 {main}

[previous exception] [object] (PDOException(code: 7): SQLSTATE[08006] [7] connection to server at \"127.0.0.1\", port 5432 failed: Connection refused
\tIs the server running on that host and accepting TCP/IP connections? at /home/runner/work/dashbrd/dashbrd/vendor/laravel/framework/src/Illuminate/Database/Connectors/Connector.php:65)
[stacktrace]
#0 /home/runner/work/dashbrd/dashbrd/vendor/laravel/framework/src/Illuminate/Database/Connectors/Connector.php(65): PDO->__construct()
#1 /home/runner/work/dashbrd/dashbrd/vendor/laravel/framework/src/Illuminate/Database/Connectors/Connector.php(44): Illuminate\\Database\\Connectors\\Connector->createPdoConnection()
#2 /home/runner/work/dashbrd/dashbrd/vendor/laravel/framework/src/Illuminate/Database/Connectors/PostgresConnector.php(35): Illuminate\\Database\\Connectors\\Connector->createConnection()
#3 /home/runner/work/dashbrd/dashbrd/vendor/laravel/framework/src/Illuminate/Database/Connectors/ConnectionFactory.php(184): Illuminate\\Database\\Connectors\\PostgresConnector->connect()
#4 [internal function]: Illuminate\\Database\\Connectors\\ConnectionFactory->Illuminate\\Database\\Connectors\\{closure}()
#5 /home/runner/work/dashbrd/dashbrd/vendor/laravel/framework/src/Illuminate/Database/Connection.php(1275): call_user_func()
#6 /home/runner/work/dashbrd/dashbrd/vendor/laravel/framework/src/Illuminate/Database/Connection.php(574): Illuminate\\Database\\Connection->getPdo()
#7 /home/runner/work/dashbrd/dashbrd/vendor/laravel/framework/src/Illuminate/Database/Connection.php(788): Illuminate\\Database\\Connection->Illuminate\\Database\\{closure}()
#8 /home/runner/work/dashbrd/dashbrd/vendor/laravel/framework/src/Illuminate/Database/Connection.php(755): Illuminate\\Database\\Connection->runQueryCallback()
#9 /home/runner/work/dashbrd/dashbrd/vendor/tpetry/laravel-postgresql-enhanced/src/PostgresEnhancedConnection.php(206): Illuminate\\Database\\Connection->run()
#10 /home/runner/work/dashbrd/dashbrd/vendor/laravel/framework/src/Illuminate/Database/Connection.php(569): Tpetry\\PostgresqlEnhanced\\PostgresEnhancedConnection->run()
#11 /home/runner/work/dashbrd/dashbrd/vendor/laravel/framework/src/Illuminate/Database/Connection.php(533): Illuminate\\Database\\Connection->statement()
#12 /home/runner/work/dashbrd/dashbrd/vendor/laravel/framework/src/Illuminate/Database/Query/Builder.php(3332): Illuminate\\Database\\Connection->insert()
#13 /home/runner/work/dashbrd/dashbrd/vendor/tpetry/laravel-postgresql-enhanced/src/Query/Builder.php(47): Illuminate\\Database\\Query\\Builder->insert()
#14 /home/runner/work/dashbrd/dashbrd/vendor/tpetry/laravel-postgresql-enhanced/src/PostgresEnhancedConnection.php(100): Tpetry\\PostgresqlEnhanced\\Query\\Builder->Tpetry\\PostgresqlEnhanced\\Query\\{closure}()
#15 /home/runner/work/dashbrd/dashbrd/vendor/tpetry/laravel-postgresql-enhanced/src/Query/Builder.php(46): Tpetry\\PostgresqlEnhanced\\PostgresEnhancedConnection->runWithAdditionalBindings()
#16 /home/runner/work/dashbrd/dashbrd/vendor/laravel/telescope/src/Storage/DatabaseEntriesRepository.php(144): Tpetry\\PostgresqlEnhanced\\Query\\Builder->insert()
#17 /home/runner/work/dashbrd/dashbrd/vendor/laravel/framework/src/Illuminate/Collections/Traits/EnumeratesValues.php(236): Laravel\\Telescope\\Storage\\DatabaseEntriesRepository->Laravel\\Telescope\\Storage\\{closure}()
#18 /home/runner/work/dashbrd/dashbrd/vendor/laravel/telescope/src/Storage/DatabaseEntriesRepository.php(143): Illuminate\\Support\\Collection->each()
#19 /home/runner/work/dashbrd/dashbrd/vendor/laravel/telescope/src/Telescope.php(668): Laravel\\Telescope\\Storage\\DatabaseEntriesRepository->store()
#20 [internal function]: Laravel\\Telescope\\Telescope::Laravel\\Telescope\\{closure}()
#21 /home/runner/work/dashbrd/dashbrd/vendor/laravel/telescope/src/Telescope.php(293): call_user_func()
#22 /home/runner/work/dashbrd/dashbrd/vendor/laravel/telescope/src/Telescope.php(660): Laravel\\Telescope\\Telescope::withoutRecording()
#23 /home/runner/work/dashbrd/dashbrd/vendor/laravel/telescope/src/ListensForStorageOpportunities.php(65): Laravel\\Telescope\\Telescope::store()
#24 /home/runner/work/dashbrd/dashbrd/vendor/laravel/framework/src/Illuminate/Container/BoundMethod.php(36): Laravel\\Telescope\\Telescope::Laravel\\Telescope\\{closure}()
#25 /home/runner/work/dashbrd/dashbrd/vendor/laravel/framework/src/Illuminate/Container/Util.php(41): Illuminate\\Container\\BoundMethod::Illuminate\\Container\\{closure}()
#26 /home/runner/work/dashbrd/dashbrd/vendor/laravel/framework/src/Illuminate/Container/BoundMethod.php(81): Illuminate\\Container\\Util::unwrapIfClosure()
#27 /home/runner/work/dashbrd/dashbrd/vendor/laravel/framework/src/Illuminate/Container/BoundMethod.php(35): Illuminate\\Container\\BoundMethod::callBoundMethod()
#28 /home/runner/work/dashbrd/dashbrd/vendor/laravel/framework/src/Illuminate/Container/Container.php(662): Illuminate\\Container\\BoundMethod::call()
#29 /home/runner/work/dashbrd/dashbrd/vendor/laravel/framework/src/Illuminate/Foundation/Application.php(1250): Illuminate\\Container\\Container->call()
#30 /home/runner/work/dashbrd/dashbrd/vendor/laravel/framework/src/Illuminate/Foundation/Console/Kernel.php(220): Illuminate\\Foundation\\Application->terminate()
#31 /home/runner/work/dashbrd/dashbrd/artisan(51): Illuminate\\Foundation\\Console\\Kernel->terminate()
#32 {main}
"} 
[2023-08-31 15:47:24] local.ERROR: SQLSTATE[08006] [7] connection to server at "127.0.0.1", port 5432 failed: Connection refused
	Is the server running on that host and accepting TCP/IP connections? (Connection: pgsql, SQL: insert into "telescope_entries" ("batch_id", "content", "created_at", "family_hash", "type", "uuid") values (9a05cbc8-a46b-47d6-a1b3-b6cf9b742461, {"command":"key:generate","exit_code":0,"arguments":{"command":"key:generate"},"options":{"show":false,"force":false,"help":false,"quiet":false,"verbose":false,"version":false,"ansi":null,"no-interaction":false,"env":null},"hostname":"fv-az246-621"}, 2023-08-31 15:47:24, ?, command, 9a05cbc8-a31e-4811-9e58-9081a22ef2db)) {"exception":"[object] (Illuminate\\Database\\QueryException(code: 7): SQLSTATE[08006] [7] connection to server at \"127.0.0.1\", port 5432 failed: Connection refused
\tIs the server running on that host and accepting TCP/IP connections? (Connection: pgsql, SQL: insert into \"telescope_entries\" (\"batch_id\", \"content\", \"created_at\", \"family_hash\", \"type\", \"uuid\") values (9a05cbc8-a46b-47d6-a1b3-b6cf9b742461, {\"command\":\"key:generate\",\"exit_code\":0,\"arguments\":{\"command\":\"key:generate\"},\"options\":{\"show\":false,\"force\":false,\"help\":false,\"quiet\":false,\"verbose\":false,\"version\":false,\"ansi\":null,\"no-interaction\":false,\"env\":null},\"hostname\":\"fv-az246-621\"}, 2023-08-31 15:47:24, ?, command, 9a05cbc8-a31e-4811-9e58-9081a22ef2db)) at /home/runner/work/dashbrd/dashbrd/vendor/laravel/framework/src/Illuminate/Database/Connection.php:795)
[stacktrace]
#0 /home/runner/work/dashbrd/dashbrd/vendor/laravel/framework/src/Illuminate/Database/Connection.php(755): Illuminate\\Database\\Connection->runQueryCallback()
#1 /home/runner/work/dashbrd/dashbrd/vendor/tpetry/laravel-postgresql-enhanced/src/PostgresEnhancedConnection.php(206): Illuminate\\Database\\Connection->run()
#2 /home/runner/work/dashbrd/dashbrd/vendor/laravel/framework/src/Illuminate/Database/Connection.php(569): Tpetry\\PostgresqlEnhanced\\PostgresEnhancedConnection->run()
#3 /home/runner/work/dashbrd/dashbrd/vendor/laravel/framework/src/Illuminate/Database/Connection.php(533): Illuminate\\Database\\Connection->statement()
#4 /home/runner/work/dashbrd/dashbrd/vendor/laravel/framework/src/Illuminate/Database/Query/Builder.php(3332): Illuminate\\Database\\Connection->insert()
#5 /home/runner/work/dashbrd/dashbrd/vendor/tpetry/laravel-postgresql-enhanced/src/Query/Builder.php(47): Illuminate\\Database\\Query\\Builder->insert()
#6 /home/runner/work/dashbrd/dashbrd/vendor/tpetry/laravel-postgresql-enhanced/src/PostgresEnhancedConnection.php(100): Tpetry\\PostgresqlEnhanced\\Query\\Builder->Tpetry\\PostgresqlEnhanced\\Query\\{closure}()
#7 /home/runner/work/dashbrd/dashbrd/vendor/tpetry/laravel-postgresql-enhanced/src/Query/Builder.php(46): Tpetry\\PostgresqlEnhanced\\PostgresEnhancedConnection->runWithAdditionalBindings()
#8 /home/runner/work/dashbrd/dashbrd/vendor/laravel/telescope/src/Storage/DatabaseEntriesRepository.php(144): Tpetry\\PostgresqlEnhanced\\Query\\Builder->insert()
#9 /home/runner/work/dashbrd/dashbrd/vendor/laravel/framework/src/Illuminate/Collections/Traits/EnumeratesValues.php(236): Laravel\\Telescope\\Storage\\DatabaseEntriesRepository->Laravel\\Telescope\\Storage\\{closure}()
#10 /home/runner/work/dashbrd/dashbrd/vendor/laravel/telescope/src/Storage/DatabaseEntriesRepository.php(143): Illuminate\\Support\\Collection->each()
#11 /home/runner/work/dashbrd/dashbrd/vendor/laravel/telescope/src/Telescope.php(668): Laravel\\Telescope\\Storage\\DatabaseEntriesRepository->store()
#12 [internal function]: Laravel\\Telescope\\Telescope::Laravel\\Telescope\\{closure}()
#13 /home/runner/work/dashbrd/dashbrd/vendor/laravel/telescope/src/Telescope.php(293): call_user_func()
#14 /home/runner/work/dashbrd/dashbrd/vendor/laravel/telescope/src/Telescope.php(660): Laravel\\Telescope\\Telescope::withoutRecording()
#15 /home/runner/work/dashbrd/dashbrd/vendor/laravel/telescope/src/ListensForStorageOpportunities.php(65): Laravel\\Telescope\\Telescope::store()
#16 /home/runner/work/dashbrd/dashbrd/vendor/laravel/framework/src/Illuminate/Container/BoundMethod.php(36): Laravel\\Telescope\\Telescope::Laravel\\Telescope\\{closure}()
#17 /home/runner/work/dashbrd/dashbrd/vendor/laravel/framework/src/Illuminate/Container/Util.php(41): Illuminate\\Container\\BoundMethod::Illuminate\\Container\\{closure}()
#18 /home/runner/work/dashbrd/dashbrd/vendor/laravel/framework/src/Illuminate/Container/BoundMethod.php(81): Illuminate\\Container\\Util::unwrapIfClosure()
#19 /home/runner/work/dashbrd/dashbrd/vendor/laravel/framework/src/Illuminate/Container/BoundMethod.php(35): Illuminate\\Container\\BoundMethod::callBoundMethod()
#20 /home/runner/work/dashbrd/dashbrd/vendor/laravel/framework/src/Illuminate/Container/Container.php(662): Illuminate\\Container\\BoundMethod::call()
#21 /home/runner/work/dashbrd/dashbrd/vendor/laravel/framework/src/Illuminate/Foundation/Application.php(1250): Illuminate\\Container\\Container->call()
#22 /home/runner/work/dashbrd/dashbrd/vendor/laravel/framework/src/Illuminate/Foundation/Console/Kernel.php(220): Illuminate\\Foundation\\Application->terminate()
#23 /home/runner/work/dashbrd/dashbrd/artisan(51): Illuminate\\Foundation\\Console\\Kernel->terminate()
#24 {main}

[previous exception] [object] (PDOException(code: 7): SQLSTATE[08006] [7] connection to server at \"127.0.0.1\", port 5432 failed: Connection refused
\tIs the server running on that host and accepting TCP/IP connections? at /home/runner/work/dashbrd/dashbrd/vendor/laravel/framework/src/Illuminate/Database/Connectors/Connector.php:65)
[stacktrace]
#0 /home/runner/work/dashbrd/dashbrd/vendor/laravel/framework/src/Illuminate/Database/Connectors/Connector.php(65): PDO->__construct()
#1 /home/runner/work/dashbrd/dashbrd/vendor/laravel/framework/src/Illuminate/Database/Connectors/Connector.php(44): Illuminate\\Database\\Connectors\\Connector->createPdoConnection()
#2 /home/runner/work/dashbrd/dashbrd/vendor/laravel/framework/src/Illuminate/Database/Connectors/PostgresConnector.php(35): Illuminate\\Database\\Connectors\\Connector->createConnection()
#3 /home/runner/work/dashbrd/dashbrd/vendor/laravel/framework/src/Illuminate/Database/Connectors/ConnectionFactory.php(184): Illuminate\\Database\\Connectors\\PostgresConnector->connect()
#4 [internal function]: Illuminate\\Database\\Connectors\\ConnectionFactory->Illuminate\\Database\\Connectors\\{closure}()
#5 /home/runner/work/dashbrd/dashbrd/vendor/laravel/framework/src/Illuminate/Database/Connection.php(1275): call_user_func()
#6 /home/runner/work/dashbrd/dashbrd/vendor/laravel/framework/src/Illuminate/Database/Connection.php(574): Illuminate\\Database\\Connection->getPdo()
#7 /home/runner/work/dashbrd/dashbrd/vendor/laravel/framework/src/Illuminate/Database/Connection.php(788): Illuminate\\Database\\Connection->Illuminate\\Database\\{closure}()
#8 /home/runner/work/dashbrd/dashbrd/vendor/laravel/framework/src/Illuminate/Database/Connection.php(755): Illuminate\\Database\\Connection->runQueryCallback()
#9 /home/runner/work/dashbrd/dashbrd/vendor/tpetry/laravel-postgresql-enhanced/src/PostgresEnhancedConnection.php(206): Illuminate\\Database\\Connection->run()
#10 /home/runner/work/dashbrd/dashbrd/vendor/laravel/framework/src/Illuminate/Database/Connection.php(569): Tpetry\\PostgresqlEnhanced\\PostgresEnhancedConnection->run()
#11 /home/runner/work/dashbrd/dashbrd/vendor/laravel/framework/src/Illuminate/Database/Connection.php(533): Illuminate\\Database\\Connection->statement()
#12 /home/runner/work/dashbrd/dashbrd/vendor/laravel/framework/src/Illuminate/Database/Query/Builder.php(3332): Illuminate\\Database\\Connection->insert()
#13 /home/runner/work/dashbrd/dashbrd/vendor/tpetry/laravel-postgresql-enhanced/src/Query/Builder.php(47): Illuminate\\Database\\Query\\Builder->insert()
#14 /home/runner/work/dashbrd/dashbrd/vendor/tpetry/laravel-postgresql-enhanced/src/PostgresEnhancedConnection.php(100): Tpetry\\PostgresqlEnhanced\\Query\\Builder->Tpetry\\PostgresqlEnhanced\\Query\\{closure}()
#15 /home/runner/work/dashbrd/dashbrd/vendor/tpetry/laravel-postgresql-enhanced/src/Query/Builder.php(46): Tpetry\\PostgresqlEnhanced\\PostgresEnhancedConnection->runWithAdditionalBindings()
#16 /home/runner/work/dashbrd/dashbrd/vendor/laravel/telescope/src/Storage/DatabaseEntriesRepository.php(144): Tpetry\\PostgresqlEnhanced\\Query\\Builder->insert()
#17 /home/runner/work/dashbrd/dashbrd/vendor/laravel/framework/src/Illuminate/Collections/Traits/EnumeratesValues.php(236): Laravel\\Telescope\\Storage\\DatabaseEntriesRepository->Laravel\\Telescope\\Storage\\{closure}()
#18 /home/runner/work/dashbrd/dashbrd/vendor/laravel/telescope/src/Storage/DatabaseEntriesRepository.php(143): Illuminate\\Support\\Collection->each()
#19 /home/runner/work/dashbrd/dashbrd/vendor/laravel/telescope/src/Telescope.php(668): Laravel\\Telescope\\Storage\\DatabaseEntriesRepository->store()
#20 [internal function]: Laravel\\Telescope\\Telescope::Laravel\\Telescope\\{closure}()
#21 /home/runner/work/dashbrd/dashbrd/vendor/laravel/telescope/src/Telescope.php(293): call_user_func()
#22 /home/runner/work/dashbrd/dashbrd/vendor/laravel/telescope/src/Telescope.php(660): Laravel\\Telescope\\Telescope::withoutRecording()
#23 /home/runner/work/dashbrd/dashbrd/vendor/laravel/telescope/src/ListensForStorageOpportunities.php(65): Laravel\\Telescope\\Telescope::store()
#24 /home/runner/work/dashbrd/dashbrd/vendor/laravel/framework/src/Illuminate/Container/BoundMethod.php(36): Laravel\\Telescope\\Telescope::Laravel\\Telescope\\{closure}()
#25 /home/runner/work/dashbrd/dashbrd/vendor/laravel/framework/src/Illuminate/Container/Util.php(41): Illuminate\\Container\\BoundMethod::Illuminate\\Container\\{closure}()
#26 /home/runner/work/dashbrd/dashbrd/vendor/laravel/framework/src/Illuminate/Container/BoundMethod.php(81): Illuminate\\Container\\Util::unwrapIfClosure()
#27 /home/runner/work/dashbrd/dashbrd/vendor/laravel/framework/src/Illuminate/Container/BoundMethod.php(35): Illuminate\\Container\\BoundMethod::callBoundMethod()
#28 /home/runner/work/dashbrd/dashbrd/vendor/laravel/framework/src/Illuminate/Container/Container.php(662): Illuminate\\Container\\BoundMethod::call()
#29 /home/runner/work/dashbrd/dashbrd/vendor/laravel/framework/src/Illuminate/Foundation/Application.php(1250): Illuminate\\Container\\Container->call()
#30 /home/runner/work/dashbrd/dashbrd/vendor/laravel/framework/src/Illuminate/Foundation/Console/Kernel.php(220): Illuminate\\Foundation\\Application->terminate()
#31 /home/runner/work/dashbrd/dashbrd/artisan(51): Illuminate\\Foundation\\Console\\Kernel->terminate()
#32 {main}
"} 
